<?xml version="1.0" encoding="UTF-8"?>
<!-- Generated by org.testng.reporters.JUnitReportReporter -->
<testsuite hostname="DESKTOP-R3UI0I8" failures="0" tests="4" name="com.qa.qaassessment.tests.BasicInfoPageTest" time="5.245" errors="0" timestamp="2025-01-08T14:51:40 IST" skipped="0">
  <testcase classname="com.qa.qaassessment.tests.BasicInfoPageTest" name="purposeOfAssessmentTest" time="0.197"/>
  <system-out/>
  <testcase classname="com.qa.qaassessment.tests.BasicInfoPageTest" name="basicUrlTest" time="0.045"/>
  <system-out/>
  <testcase classname="com.qa.qaassessment.tests.BasicInfoPageTest" name="fillBasicInfoPageAndSaveTest" time="4.971"/>
  <system-out/>
  <testcase classname="com.qa.qaassessment.tests.BasicInfoPageTest" name="basicPageTitleTest" time="0.032"/>
  <system-out/>
</testsuite> <!-- com.qa.qaassessment.tests.BasicInfoPageTest -->
