<?xml version="1.0" encoding="UTF-8"?>
<!-- Generated by org.testng.reporters.JUnitReportReporter -->
<testsuite hostname="DESKTOP-R3UI0I8" failures="0" tests="3" name="com.qa.qaassessment.tests.RegistrationFormPageTest" time="6.224" errors="0" timestamp="2025-01-08T14:51:40 IST" skipped="0">
  <testcase classname="com.qa.qaassessment.tests.RegistrationFormPageTest" name="basicPageTitleTest" time="0.016"/>
  <system-out/>
  <testcase classname="com.qa.qaassessment.tests.RegistrationFormPageTest" name="basicUrlTest" time="0.014"/>
  <system-out/>
  <testcase classname="com.qa.qaassessment.tests.RegistrationFormPageTest" name="addNewOrganizationTest" time="6.194"/>
  <system-out/>
</testsuite> <!-- com.qa.qaassessment.tests.RegistrationFormPageTest -->
