<?xml version="1.0" encoding="UTF-8"?>
<!-- Generated by org.testng.reporters.JUnitReportReporter -->
<testsuite hostname="DESKTOP-R3UI0I8" failures="0" tests="4" name="com.qa.qaassessment.tests.BasicInfoPageTest" time="3.874" errors="0" timestamp="2025-01-06T17:29:12 IST" skipped="0">
  <testcase classname="com.qa.qaassessment.tests.BasicInfoPageTest" name="basicUrlTest" time="0.038"/>
  <system-out/>
  <testcase classname="com.qa.qaassessment.tests.BasicInfoPageTest" name="fillBasicInfoPageAndSaveTest" time="3.288"/>
  <system-out/>
  <testcase classname="com.qa.qaassessment.tests.BasicInfoPageTest" name="purposeOfAssessmentTest" time="0.501"/>
  <system-out/>
  <testcase classname="com.qa.qaassessment.tests.BasicInfoPageTest" name="basicPageTitleTest" time="0.047"/>
  <system-out/>
</testsuite> <!-- com.qa.qaassessment.tests.BasicInfoPageTest -->
