<?xml version="1.0" encoding="UTF-8"?>
<!-- Generated by org.testng.reporters.JUnitReportReporter -->
<testsuite hostname="DESKTOP-R3UI0I8" failures="0" tests="3" name="com.qa.qaassessment.tests.QuestionSettingsPageTest" time="4.687" errors="0" timestamp="2025-01-08T14:51:40 IST" skipped="0">
  <testcase classname="com.qa.qaassessment.tests.QuestionSettingsPageTest" name="fillQuestionSettingsPageAndSaveTest" time="4.583"/>
  <system-out/>
  <testcase classname="com.qa.qaassessment.tests.QuestionSettingsPageTest" name="basicUrlTest" time="0.039"/>
  <system-out/>
  <testcase classname="com.qa.qaassessment.tests.QuestionSettingsPageTest" name="basicPageTitleTest" time="0.065"/>
  <system-out/>
</testsuite> <!-- com.qa.qaassessment.tests.QuestionSettingsPageTest -->
